<?xml version="1.0" encoding="UTF-8"?>
<testsuite xmlns:xsi="http://www.w3.org/2001/XMLSchema-instance" xsi:noNamespaceSchemaLocation="https://maven.apache.org/surefire/maven-surefire-plugin/xsd/surefire-test-report.xsd" name="uy.com.antel.AppTest" time="0.047" tests="1" errors="0" skipped="0" failures="0">
  <properties>
    <property name="sun.desktop" value="windows"/>
    <property name="awt.toolkit" value="sun.awt.windows.WToolkit"/>
    <property name="file.encoding.pkg" value="sun.io"/>
    <property name="java.specification.version" value="1.8"/>
    <property name="sun.cpu.isalist" value="amd64"/>
    <property name="sun.jnu.encoding" value="Cp1252"/>
    <property name="java.class.path" value="C:\Users\c025648\Documents\GitHub\tallerJava2018\TallerJava\terminal\target\test-classes;C:\Users\c025648\Documents\GitHub\tallerJava2018\TallerJava\terminal\target\classes;C:\Users\c025648\.m2\repository\junit\junit\4.11\junit-4.11.jar;C:\Users\c025648\.m2\repository\org\hamcrest\hamcrest-core\1.3\hamcrest-core-1.3.jar;"/>
    <property name="java.vm.vendor" value="Oracle Corporation"/>
    <property name="sun.arch.data.model" value="64"/>
    <property name="user.variant" value=""/>
    <property name="java.vendor.url" value="http://java.oracle.com/"/>
    <property name="user.timezone" value=""/>
    <property name="java.vm.specification.version" value="1.8"/>
    <property name="os.name" value="Windows 10"/>
    <property name="user.country" value="UY"/>
    <property name="sun.java.launcher" value="SUN_STANDARD"/>
    <property name="sun.boot.library.path" value="C:\Users\c025648\jdk8\tools\jre\bin"/>
    <property name="sun.java.command" value="C:\Users\c025648\AppData\Local\Temp\surefire1780403400588501791\surefirebooter7284911763055700637.jar C:\Users\c025648\AppData\Local\Temp\surefire1780403400588501791 2018-09-26T09-31-19_777-jvmRun1 surefire4047703128560967035tmp surefire_02332666020525107194tmp"/>
    <property name="surefire.test.class.path" value="C:\Users\c025648\Documents\GitHub\tallerJava2018\TallerJava\terminal\target\test-classes;C:\Users\c025648\Documents\GitHub\tallerJava2018\TallerJava\terminal\target\classes;C:\Users\c025648\.m2\repository\junit\junit\4.11\junit-4.11.jar;C:\Users\c025648\.m2\repository\org\hamcrest\hamcrest-core\1.3\hamcrest-core-1.3.jar;"/>
    <property name="sun.cpu.endian" value="little"/>
    <property name="user.home" value="C:\Users\c025648"/>
    <property name="user.language" value="es"/>
    <property name="java.specification.vendor" value="Oracle Corporation"/>
    <property name="java.home" value="C:\Users\c025648\jdk8\tools\jre"/>
    <property name="basedir" value="C:\Users\c025648\Documents\GitHub\tallerJava2018\TallerJava\terminal"/>
    <property name="file.separator" value="\"/>
    <property name="line.separator" value="&#10;"/>
    <property name="java.vm.specification.vendor" value="Oracle Corporation"/>
    <property name="java.specification.name" value="Java Platform API Specification"/>
    <property name="java.awt.graphicsenv" value="sun.awt.Win32GraphicsEnvironment"/>
    <property name="surefire.real.class.path" value="C:\Users\c025648\AppData\Local\Temp\surefire1780403400588501791\surefirebooter7284911763055700637.jar"/>
    <property name="sun.boot.class.path" value="C:\Users\c025648\jdk8\tools\jre\lib\resources.jar;C:\Users\c025648\jdk8\tools\jre\lib\rt.jar;C:\Users\c025648\jdk8\tools\jre\lib\sunrsasign.jar;C:\Users\c025648\jdk8\tools\jre\lib\jsse.jar;C:\Users\c025648\jdk8\tools\jre\lib\jce.jar;C:\Users\c025648\jdk8\tools\jre\lib\charsets.jar;C:\Users\c025648\jdk8\tools\jre\lib\jfr.jar;C:\Users\c025648\jdk8\tools\jre\classes"/>
    <property name="user.script" value=""/>
    <property name="sun.management.compiler" value="HotSpot 64-Bit Tiered Compilers"/>
    <property name="java.runtime.version" value="1.8.0_171-b11"/>
    <property name="user.name" value="c025648"/>
    <property name="path.separator" value=";"/>
    <property name="os.version" value="10.0"/>
    <property name="java.endorsed.dirs" value="C:\Users\c025648\jdk8\tools\jre\lib\endorsed"/>
    <property name="java.runtime.name" value="Java(TM) SE Runtime Environment"/>
    <property name="file.encoding" value="Cp1252"/>
    <property name="java.vm.name" value="Java HotSpot(TM) 64-Bit Server VM"/>
    <property name="localRepository" value="C:\Users\c025648\.m2\repository"/>
    <property name="java.vendor.url.bug" value="http://bugreport.sun.com/bugreport/"/>
    <property name="java.io.tmpdir" value="C:\Users\c025648\AppData\Local\Temp\"/>
    <property name="idea.version" value="2018.1.5"/>
    <property name="java.version" value="1.8.0_171"/>
    <property name="user.dir" value="C:\Users\c025648\Documents\GitHub\tallerJava2018\TallerJava\terminal"/>
    <property name="os.arch" value="amd64"/>
    <property name="java.vm.specification.name" value="Java Virtual Machine Specification"/>
    <property name="java.awt.printerjob" value="sun.awt.windows.WPrinterJob"/>
    <property name="sun.os.patch.level" value=""/>
    <property name="java.library.path" value="C:\Users\c025648\jdk8\tools\jre\bin;C:\WINDOWS\Sun\Java\bin;C:\WINDOWS\system32;C:\WINDOWS;C:\Program Files (x86)\Python36-32\Scripts\;C:\Program Files (x86)\Python36-32\;C:\ProgramData\Oracle\Java\javapath;C:\WINDOWS\system32;C:\WINDOWS;C:\WINDOWS\System32\Wbem;C:\WINDOWS\System32\WindowsPowerShell\v1.0\;C:\Program Files (x86)\IBM\Personal Communications\;C:\Program Files (x86)\IBM\Trace Facility\;C:\Program Files (x86)\Intel\OpenCL SDK\3.0\bin\x86;C:\Program Files (x86)\Intel\OpenCL SDK\3.0\bin\x64;C:\Program Files\PuTTY\;C:\Users\c025648\AppData\Local\Microsoft\WindowsApps;C:\Users\c025648\apache-maven-3.5.3\bin;;."/>
    <property name="java.vm.info" value="mixed mode"/>
    <property name="java.vendor" value="Oracle Corporation"/>
    <property name="java.vm.version" value="25.171-b11"/>
    <property name="java.ext.dirs" value="C:\Users\c025648\jdk8\tools\jre\lib\ext;C:\WINDOWS\Sun\Java\lib\ext"/>
    <property name="sun.io.unicode.encoding" value="UnicodeLittle"/>
    <property name="java.class.version" value="52.0"/>
  </properties>
  <testcase name="shouldAnswerWithTrue" classname="uy.com.antel.AppTest" time="0"/>
</testsuite>